[2025-05-10 13:54:34] production.ERROR: Class "Laravel\Sanctum\Sanctum" not found {"exception":"[object] (Error(code: 0): Class \"Laravel\\Sanctum\\Sanctum\" not found at C:\\Users\\ahmed.abdelsalam\\Desktop\\desktop\\side_project\\Final\\proj\\quickpick-laravel-backend-full-working\\config\\sanctum.php:21)
[stacktrace]
#0 C:\\Users\\ahmed.abdelsalam\\Desktop\\desktop\\side_project\\Final\\proj\\quickpick-laravel-backend-full-working\\vendor\\laravel\\framework\\src\\Illuminate\\Foundation\\Bootstrap\\LoadConfiguration.php(70): require()
#1 C:\\Users\\ahmed.abdelsalam\\Desktop\\desktop\\side_project\\Final\\proj\\quickpick-laravel-backend-full-working\\vendor\\laravel\\framework\\src\\Illuminate\\Foundation\\Bootstrap\\LoadConfiguration.php(39): Illuminate\\Foundation\\Bootstrap\\LoadConfiguration->loadConfigurationFiles()
#2 C:\\Users\\ahmed.abdelsalam\\Desktop\\desktop\\side_project\\Final\\proj\\quickpick-laravel-backend-full-working\\vendor\\laravel\\framework\\src\\Illuminate\\Foundation\\Application.php(286): Illuminate\\Foundation\\Bootstrap\\LoadConfiguration->bootstrap()
#3 C:\\Users\\ahmed.abdelsalam\\Desktop\\desktop\\side_project\\Final\\proj\\quickpick-laravel-backend-full-working\\vendor\\laravel\\framework\\src\\Illuminate\\Foundation\\Console\\Kernel.php(447): Illuminate\\Foundation\\Application->bootstrapWith()
#4 C:\\Users\\ahmed.abdelsalam\\Desktop\\desktop\\side_project\\Final\\proj\\quickpick-laravel-backend-full-working\\vendor\\laravel\\framework\\src\\Illuminate\\Foundation\\Console\\Kernel.php(199): Illuminate\\Foundation\\Console\\Kernel->bootstrap()
#5 C:\\Users\\ahmed.abdelsalam\\Desktop\\desktop\\side_project\\Final\\proj\\quickpick-laravel-backend-full-working\\artisan(14): Illuminate\\Foundation\\Console\\Kernel->handle()
#6 {main}
"} 
[2025-05-10 14:06:59] production.ERROR: Class "Laravel\Sanctum\Sanctum" not found {"exception":"[object] (Error(code: 0): Class \"Laravel\\Sanctum\\Sanctum\" not found at C:\\Users\\ahmed.abdelsalam\\Desktop\\desktop\\side_project\\Final\\proj\\quickpick-laravel-backend-full-working\\config\\sanctum.php:21)
[stacktrace]
#0 C:\\Users\\ahmed.abdelsalam\\Desktop\\desktop\\side_project\\Final\\proj\\quickpick-laravel-backend-full-working\\vendor\\laravel\\framework\\src\\Illuminate\\Foundation\\Bootstrap\\LoadConfiguration.php(70): require()
#1 C:\\Users\\ahmed.abdelsalam\\Desktop\\desktop\\side_project\\Final\\proj\\quickpick-laravel-backend-full-working\\vendor\\laravel\\framework\\src\\Illuminate\\Foundation\\Bootstrap\\LoadConfiguration.php(39): Illuminate\\Foundation\\Bootstrap\\LoadConfiguration->loadConfigurationFiles()
#2 C:\\Users\\ahmed.abdelsalam\\Desktop\\desktop\\side_project\\Final\\proj\\quickpick-laravel-backend-full-working\\vendor\\laravel\\framework\\src\\Illuminate\\Foundation\\Application.php(286): Illuminate\\Foundation\\Bootstrap\\LoadConfiguration->bootstrap()
#3 C:\\Users\\ahmed.abdelsalam\\Desktop\\desktop\\side_project\\Final\\proj\\quickpick-laravel-backend-full-working\\vendor\\laravel\\framework\\src\\Illuminate\\Foundation\\Console\\Kernel.php(447): Illuminate\\Foundation\\Application->bootstrapWith()
#4 C:\\Users\\ahmed.abdelsalam\\Desktop\\desktop\\side_project\\Final\\proj\\quickpick-laravel-backend-full-working\\vendor\\laravel\\framework\\src\\Illuminate\\Foundation\\Console\\Kernel.php(199): Illuminate\\Foundation\\Console\\Kernel->bootstrap()
#5 C:\\Users\\ahmed.abdelsalam\\Desktop\\desktop\\side_project\\Final\\proj\\quickpick-laravel-backend-full-working\\artisan(14): Illuminate\\Foundation\\Console\\Kernel->handle()
#6 {main}
"} 
[2025-05-10 14:07:53] production.ERROR: Class "App\Providers\AppServiceProvider" not found {"exception":"[object] (Error(code: 0): Class \"App\\Providers\\AppServiceProvider\" not found at C:\\Users\\ahmed.abdelsalam\\Desktop\\desktop\\side_project\\Final\\proj\\quickpick-laravel-backend-full-working\\vendor\\laravel\\framework\\src\\Illuminate\\Foundation\\ProviderRepository.php:206)
[stacktrace]
#0 C:\\Users\\ahmed.abdelsalam\\Desktop\\desktop\\side_project\\Final\\proj\\quickpick-laravel-backend-full-working\\vendor\\laravel\\framework\\src\\Illuminate\\Foundation\\ProviderRepository.php(142): Illuminate\\Foundation\\ProviderRepository->createProvider()
#1 C:\\Users\\ahmed.abdelsalam\\Desktop\\desktop\\side_project\\Final\\proj\\quickpick-laravel-backend-full-working\\vendor\\laravel\\framework\\src\\Illuminate\\Foundation\\ProviderRepository.php(61): Illuminate\\Foundation\\ProviderRepository->compileManifest()
#2 C:\\Users\\ahmed.abdelsalam\\Desktop\\desktop\\side_project\\Final\\proj\\quickpick-laravel-backend-full-working\\vendor\\laravel\\framework\\src\\Illuminate\\Foundation\\Application.php(794): Illuminate\\Foundation\\ProviderRepository->load()
#3 C:\\Users\\ahmed.abdelsalam\\Desktop\\desktop\\side_project\\Final\\proj\\quickpick-laravel-backend-full-working\\vendor\\laravel\\framework\\src\\Illuminate\\Foundation\\Bootstrap\\RegisterProviders.php(17): Illuminate\\Foundation\\Application->registerConfiguredProviders()
#4 C:\\Users\\ahmed.abdelsalam\\Desktop\\desktop\\side_project\\Final\\proj\\quickpick-laravel-backend-full-working\\vendor\\laravel\\framework\\src\\Illuminate\\Foundation\\Application.php(286): Illuminate\\Foundation\\Bootstrap\\RegisterProviders->bootstrap()
#5 C:\\Users\\ahmed.abdelsalam\\Desktop\\desktop\\side_project\\Final\\proj\\quickpick-laravel-backend-full-working\\vendor\\laravel\\framework\\src\\Illuminate\\Foundation\\Console\\Kernel.php(447): Illuminate\\Foundation\\Application->bootstrapWith()
#6 C:\\Users\\ahmed.abdelsalam\\Desktop\\desktop\\side_project\\Final\\proj\\quickpick-laravel-backend-full-working\\vendor\\laravel\\framework\\src\\Illuminate\\Foundation\\Console\\Kernel.php(199): Illuminate\\Foundation\\Console\\Kernel->bootstrap()
#7 C:\\Users\\ahmed.abdelsalam\\Desktop\\desktop\\side_project\\Final\\proj\\quickpick-laravel-backend-full-working\\artisan(14): Illuminate\\Foundation\\Console\\Kernel->handle()
#8 {main}
"} 
[2025-05-10 14:09:24] production.ERROR: Class "App\Providers\AuthServiceProvider" not found {"exception":"[object] (Error(code: 0): Class \"App\\Providers\\AuthServiceProvider\" not found at C:\\Users\\ahmed.abdelsalam\\Desktop\\desktop\\side_project\\Final\\proj\\quickpick-laravel-backend-full-working\\vendor\\laravel\\framework\\src\\Illuminate\\Foundation\\ProviderRepository.php:206)
[stacktrace]
#0 C:\\Users\\ahmed.abdelsalam\\Desktop\\desktop\\side_project\\Final\\proj\\quickpick-laravel-backend-full-working\\vendor\\laravel\\framework\\src\\Illuminate\\Foundation\\ProviderRepository.php(142): Illuminate\\Foundation\\ProviderRepository->createProvider()
#1 C:\\Users\\ahmed.abdelsalam\\Desktop\\desktop\\side_project\\Final\\proj\\quickpick-laravel-backend-full-working\\vendor\\laravel\\framework\\src\\Illuminate\\Foundation\\ProviderRepository.php(61): Illuminate\\Foundation\\ProviderRepository->compileManifest()
#2 C:\\Users\\ahmed.abdelsalam\\Desktop\\desktop\\side_project\\Final\\proj\\quickpick-laravel-backend-full-working\\vendor\\laravel\\framework\\src\\Illuminate\\Foundation\\Application.php(794): Illuminate\\Foundation\\ProviderRepository->load()
#3 C:\\Users\\ahmed.abdelsalam\\Desktop\\desktop\\side_project\\Final\\proj\\quickpick-laravel-backend-full-working\\vendor\\laravel\\framework\\src\\Illuminate\\Foundation\\Bootstrap\\RegisterProviders.php(17): Illuminate\\Foundation\\Application->registerConfiguredProviders()
#4 C:\\Users\\ahmed.abdelsalam\\Desktop\\desktop\\side_project\\Final\\proj\\quickpick-laravel-backend-full-working\\vendor\\laravel\\framework\\src\\Illuminate\\Foundation\\Application.php(286): Illuminate\\Foundation\\Bootstrap\\RegisterProviders->bootstrap()
#5 C:\\Users\\ahmed.abdelsalam\\Desktop\\desktop\\side_project\\Final\\proj\\quickpick-laravel-backend-full-working\\vendor\\laravel\\framework\\src\\Illuminate\\Foundation\\Console\\Kernel.php(447): Illuminate\\Foundation\\Application->bootstrapWith()
#6 C:\\Users\\ahmed.abdelsalam\\Desktop\\desktop\\side_project\\Final\\proj\\quickpick-laravel-backend-full-working\\vendor\\laravel\\framework\\src\\Illuminate\\Foundation\\Console\\Kernel.php(199): Illuminate\\Foundation\\Console\\Kernel->bootstrap()
#7 C:\\Users\\ahmed.abdelsalam\\Desktop\\desktop\\side_project\\Final\\proj\\quickpick-laravel-backend-full-working\\artisan(14): Illuminate\\Foundation\\Console\\Kernel->handle()
#8 {main}
"} 
[2025-05-10 14:10:03] production.ERROR: Class "App\Providers\AuthServiceProvider" not found {"exception":"[object] (Error(code: 0): Class \"App\\Providers\\AuthServiceProvider\" not found at C:\\Users\\ahmed.abdelsalam\\Desktop\\desktop\\side_project\\Final\\proj\\quickpick-laravel-backend-full-working\\vendor\\laravel\\framework\\src\\Illuminate\\Foundation\\ProviderRepository.php:206)
[stacktrace]
#0 C:\\Users\\ahmed.abdelsalam\\Desktop\\desktop\\side_project\\Final\\proj\\quickpick-laravel-backend-full-working\\vendor\\laravel\\framework\\src\\Illuminate\\Foundation\\ProviderRepository.php(142): Illuminate\\Foundation\\ProviderRepository->createProvider()
#1 C:\\Users\\ahmed.abdelsalam\\Desktop\\desktop\\side_project\\Final\\proj\\quickpick-laravel-backend-full-working\\vendor\\laravel\\framework\\src\\Illuminate\\Foundation\\ProviderRepository.php(61): Illuminate\\Foundation\\ProviderRepository->compileManifest()
#2 C:\\Users\\ahmed.abdelsalam\\Desktop\\desktop\\side_project\\Final\\proj\\quickpick-laravel-backend-full-working\\vendor\\laravel\\framework\\src\\Illuminate\\Foundation\\Application.php(794): Illuminate\\Foundation\\ProviderRepository->load()
#3 C:\\Users\\ahmed.abdelsalam\\Desktop\\desktop\\side_project\\Final\\proj\\quickpick-laravel-backend-full-working\\vendor\\laravel\\framework\\src\\Illuminate\\Foundation\\Bootstrap\\RegisterProviders.php(17): Illuminate\\Foundation\\Application->registerConfiguredProviders()
#4 C:\\Users\\ahmed.abdelsalam\\Desktop\\desktop\\side_project\\Final\\proj\\quickpick-laravel-backend-full-working\\vendor\\laravel\\framework\\src\\Illuminate\\Foundation\\Application.php(286): Illuminate\\Foundation\\Bootstrap\\RegisterProviders->bootstrap()
#5 C:\\Users\\ahmed.abdelsalam\\Desktop\\desktop\\side_project\\Final\\proj\\quickpick-laravel-backend-full-working\\vendor\\laravel\\framework\\src\\Illuminate\\Foundation\\Console\\Kernel.php(447): Illuminate\\Foundation\\Application->bootstrapWith()
#6 C:\\Users\\ahmed.abdelsalam\\Desktop\\desktop\\side_project\\Final\\proj\\quickpick-laravel-backend-full-working\\vendor\\laravel\\framework\\src\\Illuminate\\Foundation\\Console\\Kernel.php(199): Illuminate\\Foundation\\Console\\Kernel->bootstrap()
#7 C:\\Users\\ahmed.abdelsalam\\Desktop\\desktop\\side_project\\Final\\proj\\quickpick-laravel-backend-full-working\\artisan(14): Illuminate\\Foundation\\Console\\Kernel->handle()
#8 {main}
"} 
[2025-05-10 14:12:23] production.ERROR: Class "App\Providers\EventServiceProvider" not found {"exception":"[object] (Error(code: 0): Class \"App\\Providers\\EventServiceProvider\" not found at C:\\Users\\ahmed.abdelsalam\\Desktop\\desktop\\side_project\\Final\\proj\\quickpick-laravel-backend-full-working\\vendor\\laravel\\framework\\src\\Illuminate\\Foundation\\ProviderRepository.php:206)
[stacktrace]
#0 C:\\Users\\ahmed.abdelsalam\\Desktop\\desktop\\side_project\\Final\\proj\\quickpick-laravel-backend-full-working\\vendor\\laravel\\framework\\src\\Illuminate\\Foundation\\ProviderRepository.php(142): Illuminate\\Foundation\\ProviderRepository->createProvider()
#1 C:\\Users\\ahmed.abdelsalam\\Desktop\\desktop\\side_project\\Final\\proj\\quickpick-laravel-backend-full-working\\vendor\\laravel\\framework\\src\\Illuminate\\Foundation\\ProviderRepository.php(61): Illuminate\\Foundation\\ProviderRepository->compileManifest()
#2 C:\\Users\\ahmed.abdelsalam\\Desktop\\desktop\\side_project\\Final\\proj\\quickpick-laravel-backend-full-working\\vendor\\laravel\\framework\\src\\Illuminate\\Foundation\\Application.php(794): Illuminate\\Foundation\\ProviderRepository->load()
#3 C:\\Users\\ahmed.abdelsalam\\Desktop\\desktop\\side_project\\Final\\proj\\quickpick-laravel-backend-full-working\\vendor\\laravel\\framework\\src\\Illuminate\\Foundation\\Bootstrap\\RegisterProviders.php(17): Illuminate\\Foundation\\Application->registerConfiguredProviders()
#4 C:\\Users\\ahmed.abdelsalam\\Desktop\\desktop\\side_project\\Final\\proj\\quickpick-laravel-backend-full-working\\vendor\\laravel\\framework\\src\\Illuminate\\Foundation\\Application.php(286): Illuminate\\Foundation\\Bootstrap\\RegisterProviders->bootstrap()
#5 C:\\Users\\ahmed.abdelsalam\\Desktop\\desktop\\side_project\\Final\\proj\\quickpick-laravel-backend-full-working\\vendor\\laravel\\framework\\src\\Illuminate\\Foundation\\Console\\Kernel.php(447): Illuminate\\Foundation\\Application->bootstrapWith()
#6 C:\\Users\\ahmed.abdelsalam\\Desktop\\desktop\\side_project\\Final\\proj\\quickpick-laravel-backend-full-working\\vendor\\laravel\\framework\\src\\Illuminate\\Foundation\\Console\\Kernel.php(199): Illuminate\\Foundation\\Console\\Kernel->bootstrap()
#7 C:\\Users\\ahmed.abdelsalam\\Desktop\\desktop\\side_project\\Final\\proj\\quickpick-laravel-backend-full-working\\artisan(14): Illuminate\\Foundation\\Console\\Kernel->handle()
#8 {main}
"} 
[2025-05-10 14:16:07] production.ERROR: Target class [App\Http\Kernel] does not exist. {"exception":"[object] (Illuminate\\Contracts\\Container\\BindingResolutionException(code: 0): Target class [App\\Http\\Kernel] does not exist. at C:\\Users\\ahmed.abdelsalam\\Desktop\\desktop\\side_project\\Final\\proj\\quickpick-laravel-backend-full-working\\vendor\\laravel\\framework\\src\\Illuminate\\Container\\Container.php:914)
[stacktrace]
#0 C:\\Users\\ahmed.abdelsalam\\Desktop\\desktop\\side_project\\Final\\proj\\quickpick-laravel-backend-full-working\\vendor\\laravel\\framework\\src\\Illuminate\\Container\\Container.php(795): Illuminate\\Container\\Container->build()
#1 C:\\Users\\ahmed.abdelsalam\\Desktop\\desktop\\side_project\\Final\\proj\\quickpick-laravel-backend-full-working\\vendor\\laravel\\framework\\src\\Illuminate\\Foundation\\Application.php(986): Illuminate\\Container\\Container->resolve()
#2 C:\\Users\\ahmed.abdelsalam\\Desktop\\desktop\\side_project\\Final\\proj\\quickpick-laravel-backend-full-working\\vendor\\laravel\\framework\\src\\Illuminate\\Container\\Container.php(296): Illuminate\\Foundation\\Application->resolve()
#3 C:\\Users\\ahmed.abdelsalam\\Desktop\\desktop\\side_project\\Final\\proj\\quickpick-laravel-backend-full-working\\vendor\\laravel\\framework\\src\\Illuminate\\Container\\Container.php(908): Illuminate\\Container\\Container->{closure:Illuminate\\Container\\Container::getClosure():291}()
#4 C:\\Users\\ahmed.abdelsalam\\Desktop\\desktop\\side_project\\Final\\proj\\quickpick-laravel-backend-full-working\\vendor\\laravel\\framework\\src\\Illuminate\\Container\\Container.php(795): Illuminate\\Container\\Container->build()
#5 C:\\Users\\ahmed.abdelsalam\\Desktop\\desktop\\side_project\\Final\\proj\\quickpick-laravel-backend-full-working\\vendor\\laravel\\framework\\src\\Illuminate\\Foundation\\Application.php(986): Illuminate\\Container\\Container->resolve()
#6 C:\\Users\\ahmed.abdelsalam\\Desktop\\desktop\\side_project\\Final\\proj\\quickpick-laravel-backend-full-working\\vendor\\laravel\\framework\\src\\Illuminate\\Container\\Container.php(731): Illuminate\\Foundation\\Application->resolve()
#7 C:\\Users\\ahmed.abdelsalam\\Desktop\\desktop\\side_project\\Final\\proj\\quickpick-laravel-backend-full-working\\vendor\\laravel\\framework\\src\\Illuminate\\Foundation\\Application.php(971): Illuminate\\Container\\Container->make()
#8 C:\\Users\\ahmed.abdelsalam\\Desktop\\desktop\\side_project\\Final\\proj\\quickpick-laravel-backend-full-working\\vendor\\laravel\\sanctum\\src\\SanctumServiceProvider.php(133): Illuminate\\Foundation\\Application->make()
#9 C:\\Users\\ahmed.abdelsalam\\Desktop\\desktop\\side_project\\Final\\proj\\quickpick-laravel-backend-full-working\\vendor\\laravel\\sanctum\\src\\SanctumServiceProvider.php(60): Laravel\\Sanctum\\SanctumServiceProvider->configureMiddleware()
#10 C:\\Users\\ahmed.abdelsalam\\Desktop\\desktop\\side_project\\Final\\proj\\quickpick-laravel-backend-full-working\\vendor\\laravel\\framework\\src\\Illuminate\\Container\\BoundMethod.php(36): Laravel\\Sanctum\\SanctumServiceProvider->boot()
#11 C:\\Users\\ahmed.abdelsalam\\Desktop\\desktop\\side_project\\Final\\proj\\quickpick-laravel-backend-full-working\\vendor\\laravel\\framework\\src\\Illuminate\\Container\\Util.php(41): Illuminate\\Container\\BoundMethod::{closure:Illuminate\\Container\\BoundMethod::call():35}()
#12 C:\\Users\\ahmed.abdelsalam\\Desktop\\desktop\\side_project\\Final\\proj\\quickpick-laravel-backend-full-working\\vendor\\laravel\\framework\\src\\Illuminate\\Container\\BoundMethod.php(93): Illuminate\\Container\\Util::unwrapIfClosure()
#13 C:\\Users\\ahmed.abdelsalam\\Desktop\\desktop\\side_project\\Final\\proj\\quickpick-laravel-backend-full-working\\vendor\\laravel\\framework\\src\\Illuminate\\Container\\BoundMethod.php(35): Illuminate\\Container\\BoundMethod::callBoundMethod()
#14 C:\\Users\\ahmed.abdelsalam\\Desktop\\desktop\\side_project\\Final\\proj\\quickpick-laravel-backend-full-working\\vendor\\laravel\\framework\\src\\Illuminate\\Container\\Container.php(662): Illuminate\\Container\\BoundMethod::call()
#15 C:\\Users\\ahmed.abdelsalam\\Desktop\\desktop\\side_project\\Final\\proj\\quickpick-laravel-backend-full-working\\vendor\\laravel\\framework\\src\\Illuminate\\Foundation\\Application.php(1059): Illuminate\\Container\\Container->call()
#16 C:\\Users\\ahmed.abdelsalam\\Desktop\\desktop\\side_project\\Final\\proj\\quickpick-laravel-backend-full-working\\vendor\\laravel\\framework\\src\\Illuminate\\Foundation\\Application.php(1040): Illuminate\\Foundation\\Application->bootProvider()
#17 [internal function]: Illuminate\\Foundation\\Application->{closure:Illuminate\\Foundation\\Application::boot():1039}()
#18 C:\\Users\\ahmed.abdelsalam\\Desktop\\desktop\\side_project\\Final\\proj\\quickpick-laravel-backend-full-working\\vendor\\laravel\\framework\\src\\Illuminate\\Foundation\\Application.php(1039): array_walk()
#19 C:\\Users\\ahmed.abdelsalam\\Desktop\\desktop\\side_project\\Final\\proj\\quickpick-laravel-backend-full-working\\vendor\\laravel\\framework\\src\\Illuminate\\Foundation\\Bootstrap\\BootProviders.php(17): Illuminate\\Foundation\\Application->boot()
#20 C:\\Users\\ahmed.abdelsalam\\Desktop\\desktop\\side_project\\Final\\proj\\quickpick-laravel-backend-full-working\\vendor\\laravel\\framework\\src\\Illuminate\\Foundation\\Application.php(286): Illuminate\\Foundation\\Bootstrap\\BootProviders->bootstrap()
#21 C:\\Users\\ahmed.abdelsalam\\Desktop\\desktop\\side_project\\Final\\proj\\quickpick-laravel-backend-full-working\\vendor\\laravel\\framework\\src\\Illuminate\\Foundation\\Console\\Kernel.php(447): Illuminate\\Foundation\\Application->bootstrapWith()
#22 C:\\Users\\ahmed.abdelsalam\\Desktop\\desktop\\side_project\\Final\\proj\\quickpick-laravel-backend-full-working\\vendor\\laravel\\framework\\src\\Illuminate\\Foundation\\Console\\Kernel.php(199): Illuminate\\Foundation\\Console\\Kernel->bootstrap()
#23 C:\\Users\\ahmed.abdelsalam\\Desktop\\desktop\\side_project\\Final\\proj\\quickpick-laravel-backend-full-working\\artisan(14): Illuminate\\Foundation\\Console\\Kernel->handle()
#24 {main}

[previous exception] [object] (ReflectionException(code: -1): Class \"App\\Http\\Kernel\" does not exist at C:\\Users\\ahmed.abdelsalam\\Desktop\\desktop\\side_project\\Final\\proj\\quickpick-laravel-backend-full-working\\vendor\\laravel\\framework\\src\\Illuminate\\Container\\Container.php:912)
[stacktrace]
#0 C:\\Users\\ahmed.abdelsalam\\Desktop\\desktop\\side_project\\Final\\proj\\quickpick-laravel-backend-full-working\\vendor\\laravel\\framework\\src\\Illuminate\\Container\\Container.php(912): ReflectionClass->__construct()
#1 C:\\Users\\ahmed.abdelsalam\\Desktop\\desktop\\side_project\\Final\\proj\\quickpick-laravel-backend-full-working\\vendor\\laravel\\framework\\src\\Illuminate\\Container\\Container.php(795): Illuminate\\Container\\Container->build()
#2 C:\\Users\\ahmed.abdelsalam\\Desktop\\desktop\\side_project\\Final\\proj\\quickpick-laravel-backend-full-working\\vendor\\laravel\\framework\\src\\Illuminate\\Foundation\\Application.php(986): Illuminate\\Container\\Container->resolve()
#3 C:\\Users\\ahmed.abdelsalam\\Desktop\\desktop\\side_project\\Final\\proj\\quickpick-laravel-backend-full-working\\vendor\\laravel\\framework\\src\\Illuminate\\Container\\Container.php(296): Illuminate\\Foundation\\Application->resolve()
#4 C:\\Users\\ahmed.abdelsalam\\Desktop\\desktop\\side_project\\Final\\proj\\quickpick-laravel-backend-full-working\\vendor\\laravel\\framework\\src\\Illuminate\\Container\\Container.php(908): Illuminate\\Container\\Container->{closure:Illuminate\\Container\\Container::getClosure():291}()
#5 C:\\Users\\ahmed.abdelsalam\\Desktop\\desktop\\side_project\\Final\\proj\\quickpick-laravel-backend-full-working\\vendor\\laravel\\framework\\src\\Illuminate\\Container\\Container.php(795): Illuminate\\Container\\Container->build()
#6 C:\\Users\\ahmed.abdelsalam\\Desktop\\desktop\\side_project\\Final\\proj\\quickpick-laravel-backend-full-working\\vendor\\laravel\\framework\\src\\Illuminate\\Foundation\\Application.php(986): Illuminate\\Container\\Container->resolve()
#7 C:\\Users\\ahmed.abdelsalam\\Desktop\\desktop\\side_project\\Final\\proj\\quickpick-laravel-backend-full-working\\vendor\\laravel\\framework\\src\\Illuminate\\Container\\Container.php(731): Illuminate\\Foundation\\Application->resolve()
#8 C:\\Users\\ahmed.abdelsalam\\Desktop\\desktop\\side_project\\Final\\proj\\quickpick-laravel-backend-full-working\\vendor\\laravel\\framework\\src\\Illuminate\\Foundation\\Application.php(971): Illuminate\\Container\\Container->make()
#9 C:\\Users\\ahmed.abdelsalam\\Desktop\\desktop\\side_project\\Final\\proj\\quickpick-laravel-backend-full-working\\vendor\\laravel\\sanctum\\src\\SanctumServiceProvider.php(133): Illuminate\\Foundation\\Application->make()
#10 C:\\Users\\ahmed.abdelsalam\\Desktop\\desktop\\side_project\\Final\\proj\\quickpick-laravel-backend-full-working\\vendor\\laravel\\sanctum\\src\\SanctumServiceProvider.php(60): Laravel\\Sanctum\\SanctumServiceProvider->configureMiddleware()
#11 C:\\Users\\ahmed.abdelsalam\\Desktop\\desktop\\side_project\\Final\\proj\\quickpick-laravel-backend-full-working\\vendor\\laravel\\framework\\src\\Illuminate\\Container\\BoundMethod.php(36): Laravel\\Sanctum\\SanctumServiceProvider->boot()
#12 C:\\Users\\ahmed.abdelsalam\\Desktop\\desktop\\side_project\\Final\\proj\\quickpick-laravel-backend-full-working\\vendor\\laravel\\framework\\src\\Illuminate\\Container\\Util.php(41): Illuminate\\Container\\BoundMethod::{closure:Illuminate\\Container\\BoundMethod::call():35}()
#13 C:\\Users\\ahmed.abdelsalam\\Desktop\\desktop\\side_project\\Final\\proj\\quickpick-laravel-backend-full-working\\vendor\\laravel\\framework\\src\\Illuminate\\Container\\BoundMethod.php(93): Illuminate\\Container\\Util::unwrapIfClosure()
#14 C:\\Users\\ahmed.abdelsalam\\Desktop\\desktop\\side_project\\Final\\proj\\quickpick-laravel-backend-full-working\\vendor\\laravel\\framework\\src\\Illuminate\\Container\\BoundMethod.php(35): Illuminate\\Container\\BoundMethod::callBoundMethod()
#15 C:\\Users\\ahmed.abdelsalam\\Desktop\\desktop\\side_project\\Final\\proj\\quickpick-laravel-backend-full-working\\vendor\\laravel\\framework\\src\\Illuminate\\Container\\Container.php(662): Illuminate\\Container\\BoundMethod::call()
#16 C:\\Users\\ahmed.abdelsalam\\Desktop\\desktop\\side_project\\Final\\proj\\quickpick-laravel-backend-full-working\\vendor\\laravel\\framework\\src\\Illuminate\\Foundation\\Application.php(1059): Illuminate\\Container\\Container->call()
#17 C:\\Users\\ahmed.abdelsalam\\Desktop\\desktop\\side_project\\Final\\proj\\quickpick-laravel-backend-full-working\\vendor\\laravel\\framework\\src\\Illuminate\\Foundation\\Application.php(1040): Illuminate\\Foundation\\Application->bootProvider()
#18 [internal function]: Illuminate\\Foundation\\Application->{closure:Illuminate\\Foundation\\Application::boot():1039}()
#19 C:\\Users\\ahmed.abdelsalam\\Desktop\\desktop\\side_project\\Final\\proj\\quickpick-laravel-backend-full-working\\vendor\\laravel\\framework\\src\\Illuminate\\Foundation\\Application.php(1039): array_walk()
#20 C:\\Users\\ahmed.abdelsalam\\Desktop\\desktop\\side_project\\Final\\proj\\quickpick-laravel-backend-full-working\\vendor\\laravel\\framework\\src\\Illuminate\\Foundation\\Bootstrap\\BootProviders.php(17): Illuminate\\Foundation\\Application->boot()
#21 C:\\Users\\ahmed.abdelsalam\\Desktop\\desktop\\side_project\\Final\\proj\\quickpick-laravel-backend-full-working\\vendor\\laravel\\framework\\src\\Illuminate\\Foundation\\Application.php(286): Illuminate\\Foundation\\Bootstrap\\BootProviders->bootstrap()
#22 C:\\Users\\ahmed.abdelsalam\\Desktop\\desktop\\side_project\\Final\\proj\\quickpick-laravel-backend-full-working\\vendor\\laravel\\framework\\src\\Illuminate\\Foundation\\Console\\Kernel.php(447): Illuminate\\Foundation\\Application->bootstrapWith()
#23 C:\\Users\\ahmed.abdelsalam\\Desktop\\desktop\\side_project\\Final\\proj\\quickpick-laravel-backend-full-working\\vendor\\laravel\\framework\\src\\Illuminate\\Foundation\\Console\\Kernel.php(199): Illuminate\\Foundation\\Console\\Kernel->bootstrap()
#24 C:\\Users\\ahmed.abdelsalam\\Desktop\\desktop\\side_project\\Final\\proj\\quickpick-laravel-backend-full-working\\artisan(14): Illuminate\\Foundation\\Console\\Kernel->handle()
#25 {main}
"} 
[2025-05-10 14:18:11] production.ERROR: require(C:\Users\ahmed.abdelsalam\Desktop\desktop\side_project\Final\proj\quickpick-laravel-backend-full-working\routes/console.php): Failed to open stream: No such file or directory {"exception":"[object] (ErrorException(code: 0): require(C:\\Users\\ahmed.abdelsalam\\Desktop\\desktop\\side_project\\Final\\proj\\quickpick-laravel-backend-full-working\\routes/console.php): Failed to open stream: No such file or directory at C:\\Users\\ahmed.abdelsalam\\Desktop\\desktop\\side_project\\Final\\proj\\quickpick-laravel-backend-full-working\\app\\Console\\Kernel.php:19)
[stacktrace]
#0 C:\\Users\\ahmed.abdelsalam\\Desktop\\desktop\\side_project\\Final\\proj\\quickpick-laravel-backend-full-working\\vendor\\laravel\\framework\\src\\Illuminate\\Foundation\\Bootstrap\\HandleExceptions.php(255): Illuminate\\Foundation\\Bootstrap\\HandleExceptions->handleError()
#1 C:\\Users\\ahmed.abdelsalam\\Desktop\\desktop\\side_project\\Final\\proj\\quickpick-laravel-backend-full-working\\app\\Console\\Kernel.php(19): Illuminate\\Foundation\\Bootstrap\\HandleExceptions->{closure:Illuminate\\Foundation\\Bootstrap\\HandleExceptions::forwardsTo():254}()
#2 C:\\Users\\ahmed.abdelsalam\\Desktop\\desktop\\side_project\\Final\\proj\\quickpick-laravel-backend-full-working\\app\\Console\\Kernel.php(19): require('...')
#3 C:\\Users\\ahmed.abdelsalam\\Desktop\\desktop\\side_project\\Final\\proj\\quickpick-laravel-backend-full-working\\vendor\\laravel\\framework\\src\\Illuminate\\Foundation\\Console\\Kernel.php(453): App\\Console\\Kernel->commands()
#4 C:\\Users\\ahmed.abdelsalam\\Desktop\\desktop\\side_project\\Final\\proj\\quickpick-laravel-backend-full-working\\vendor\\laravel\\framework\\src\\Illuminate\\Foundation\\Console\\Kernel.php(199): Illuminate\\Foundation\\Console\\Kernel->bootstrap()
#5 C:\\Users\\ahmed.abdelsalam\\Desktop\\desktop\\side_project\\Final\\proj\\quickpick-laravel-backend-full-working\\artisan(14): Illuminate\\Foundation\\Console\\Kernel->handle()
#6 {main}
"} 
[2025-05-10 14:21:57] production.ERROR: file_get_contents(C:\Users\ahmed.abdelsalam\Desktop\desktop\side_project\Final\proj\quickpick-laravel-backend-full-working\.env): Failed to open stream: No such file or directory {"exception":"[object] (ErrorException(code: 0): file_get_contents(C:\\Users\\ahmed.abdelsalam\\Desktop\\desktop\\side_project\\Final\\proj\\quickpick-laravel-backend-full-working\\.env): Failed to open stream: No such file or directory at C:\\Users\\ahmed.abdelsalam\\Desktop\\desktop\\side_project\\Final\\proj\\quickpick-laravel-backend-full-working\\vendor\\laravel\\framework\\src\\Illuminate\\Foundation\\Console\\KeyGenerateCommand.php:100)
[stacktrace]
#0 C:\\Users\\ahmed.abdelsalam\\Desktop\\desktop\\side_project\\Final\\proj\\quickpick-laravel-backend-full-working\\vendor\\laravel\\framework\\src\\Illuminate\\Foundation\\Bootstrap\\HandleExceptions.php(255): Illuminate\\Foundation\\Bootstrap\\HandleExceptions->handleError()
#1 [internal function]: Illuminate\\Foundation\\Bootstrap\\HandleExceptions->{closure:Illuminate\\Foundation\\Bootstrap\\HandleExceptions::forwardsTo():254}()
#2 C:\\Users\\ahmed.abdelsalam\\Desktop\\desktop\\side_project\\Final\\proj\\quickpick-laravel-backend-full-working\\vendor\\laravel\\framework\\src\\Illuminate\\Foundation\\Console\\KeyGenerateCommand.php(100): file_get_contents()
#3 C:\\Users\\ahmed.abdelsalam\\Desktop\\desktop\\side_project\\Final\\proj\\quickpick-laravel-backend-full-working\\vendor\\laravel\\framework\\src\\Illuminate\\Foundation\\Console\\KeyGenerateCommand.php(82): Illuminate\\Foundation\\Console\\KeyGenerateCommand->writeNewEnvironmentFileWith()
#4 C:\\Users\\ahmed.abdelsalam\\Desktop\\desktop\\side_project\\Final\\proj\\quickpick-laravel-backend-full-working\\vendor\\laravel\\framework\\src\\Illuminate\\Foundation\\Console\\KeyGenerateCommand.php(47): Illuminate\\Foundation\\Console\\KeyGenerateCommand->setKeyInEnvironmentFile()
#5 C:\\Users\\ahmed.abdelsalam\\Desktop\\desktop\\side_project\\Final\\proj\\quickpick-laravel-backend-full-working\\vendor\\laravel\\framework\\src\\Illuminate\\Container\\BoundMethod.php(36): Illuminate\\Foundation\\Console\\KeyGenerateCommand->handle()
#6 C:\\Users\\ahmed.abdelsalam\\Desktop\\desktop\\side_project\\Final\\proj\\quickpick-laravel-backend-full-working\\vendor\\laravel\\framework\\src\\Illuminate\\Container\\Util.php(41): Illuminate\\Container\\BoundMethod::{closure:Illuminate\\Container\\BoundMethod::call():35}()
#7 C:\\Users\\ahmed.abdelsalam\\Desktop\\desktop\\side_project\\Final\\proj\\quickpick-laravel-backend-full-working\\vendor\\laravel\\framework\\src\\Illuminate\\Container\\BoundMethod.php(93): Illuminate\\Container\\Util::unwrapIfClosure()
#8 C:\\Users\\ahmed.abdelsalam\\Desktop\\desktop\\side_project\\Final\\proj\\quickpick-laravel-backend-full-working\\vendor\\laravel\\framework\\src\\Illuminate\\Container\\BoundMethod.php(35): Illuminate\\Container\\BoundMethod::callBoundMethod()
#9 C:\\Users\\ahmed.abdelsalam\\Desktop\\desktop\\side_project\\Final\\proj\\quickpick-laravel-backend-full-working\\vendor\\laravel\\framework\\src\\Illuminate\\Container\\Container.php(662): Illuminate\\Container\\BoundMethod::call()
#10 C:\\Users\\ahmed.abdelsalam\\Desktop\\desktop\\side_project\\Final\\proj\\quickpick-laravel-backend-full-working\\vendor\\laravel\\framework\\src\\Illuminate\\Console\\Command.php(211): Illuminate\\Container\\Container->call()
#11 C:\\Users\\ahmed.abdelsalam\\Desktop\\desktop\\side_project\\Final\\proj\\quickpick-laravel-backend-full-working\\vendor\\symfony\\console\\Command\\Command.php(326): Illuminate\\Console\\Command->execute()
#12 C:\\Users\\ahmed.abdelsalam\\Desktop\\desktop\\side_project\\Final\\proj\\quickpick-laravel-backend-full-working\\vendor\\laravel\\framework\\src\\Illuminate\\Console\\Command.php(180): Symfony\\Component\\Console\\Command\\Command->run()
#13 C:\\Users\\ahmed.abdelsalam\\Desktop\\desktop\\side_project\\Final\\proj\\quickpick-laravel-backend-full-working\\vendor\\symfony\\console\\Application.php(1096): Illuminate\\Console\\Command->run()
#14 C:\\Users\\ahmed.abdelsalam\\Desktop\\desktop\\side_project\\Final\\proj\\quickpick-laravel-backend-full-working\\vendor\\symfony\\console\\Application.php(324): Symfony\\Component\\Console\\Application->doRunCommand()
#15 C:\\Users\\ahmed.abdelsalam\\Desktop\\desktop\\side_project\\Final\\proj\\quickpick-laravel-backend-full-working\\vendor\\symfony\\console\\Application.php(175): Symfony\\Component\\Console\\Application->doRun()
#16 C:\\Users\\ahmed.abdelsalam\\Desktop\\desktop\\side_project\\Final\\proj\\quickpick-laravel-backend-full-working\\vendor\\laravel\\framework\\src\\Illuminate\\Foundation\\Console\\Kernel.php(201): Symfony\\Component\\Console\\Application->run()
#17 C:\\Users\\ahmed.abdelsalam\\Desktop\\desktop\\side_project\\Final\\proj\\quickpick-laravel-backend-full-working\\artisan(14): Illuminate\\Foundation\\Console\\Kernel->handle()
#18 {main}
"} 
[2025-05-10 14:44:34] production.ERROR: Class "App\Http\Controllers\Controller" not found {"exception":"[object] (Error(code: 0): Class \"App\\Http\\Controllers\\Controller\" not found at C:\\Users\\ahmed.abdelsalam\\Desktop\\desktop\\side_project\\Final\\proj\\quickpick-laravel-backend-full-working\\app\\Http\\Controllers\\ProductController.php:7)
[stacktrace]
#0 C:\\Users\\ahmed.abdelsalam\\Desktop\\desktop\\side_project\\Final\\proj\\quickpick-laravel-backend-full-working\\vendor\\composer\\ClassLoader.php(576): include()
#1 C:\\Users\\ahmed.abdelsalam\\Desktop\\desktop\\side_project\\Final\\proj\\quickpick-laravel-backend-full-working\\vendor\\composer\\ClassLoader.php(427): {closure:Composer\\Autoload\\ClassLoader::initializeIncludeClosure():575}()
#2 [internal function]: Composer\\Autoload\\ClassLoader->loadClass()
#3 C:\\Users\\ahmed.abdelsalam\\Desktop\\desktop\\side_project\\Final\\proj\\quickpick-laravel-backend-full-working\\vendor\\laravel\\framework\\src\\Illuminate\\Routing\\Route.php(1096): is_a()
#4 C:\\Users\\ahmed.abdelsalam\\Desktop\\desktop\\side_project\\Final\\proj\\quickpick-laravel-backend-full-working\\vendor\\laravel\\framework\\src\\Illuminate\\Routing\\Route.php(1035): Illuminate\\Routing\\Route->controllerMiddleware()
#5 C:\\Users\\ahmed.abdelsalam\\Desktop\\desktop\\side_project\\Final\\proj\\quickpick-laravel-backend-full-working\\vendor\\laravel\\framework\\src\\Illuminate\\Routing\\Router.php(818): Illuminate\\Routing\\Route->gatherMiddleware()
#6 C:\\Users\\ahmed.abdelsalam\\Desktop\\desktop\\side_project\\Final\\proj\\quickpick-laravel-backend-full-working\\vendor\\laravel\\framework\\src\\Illuminate\\Foundation\\Console\\RouteListCommand.php(201): Illuminate\\Routing\\Router->gatherRouteMiddleware()
#7 C:\\Users\\ahmed.abdelsalam\\Desktop\\desktop\\side_project\\Final\\proj\\quickpick-laravel-backend-full-working\\vendor\\laravel\\framework\\src\\Illuminate\\Foundation\\Console\\RouteListCommand.php(146): Illuminate\\Foundation\\Console\\RouteListCommand->getMiddleware()
#8 C:\\Users\\ahmed.abdelsalam\\Desktop\\desktop\\side_project\\Final\\proj\\quickpick-laravel-backend-full-working\\vendor\\laravel\\framework\\src\\Illuminate\\Foundation\\Console\\RouteListCommand.php(116): Illuminate\\Foundation\\Console\\RouteListCommand->getRouteInformation()
#9 [internal function]: Illuminate\\Foundation\\Console\\RouteListCommand->{closure:Illuminate\\Foundation\\Console\\RouteListCommand::getRoutes():115}()
#10 C:\\Users\\ahmed.abdelsalam\\Desktop\\desktop\\side_project\\Final\\proj\\quickpick-laravel-backend-full-working\\vendor\\laravel\\framework\\src\\Illuminate\\Collections\\Arr.php(600): array_map()
#11 C:\\Users\\ahmed.abdelsalam\\Desktop\\desktop\\side_project\\Final\\proj\\quickpick-laravel-backend-full-working\\vendor\\laravel\\framework\\src\\Illuminate\\Collections\\Collection.php(778): Illuminate\\Support\\Arr::map()
#12 C:\\Users\\ahmed.abdelsalam\\Desktop\\desktop\\side_project\\Final\\proj\\quickpick-laravel-backend-full-working\\vendor\\laravel\\framework\\src\\Illuminate\\Foundation\\Console\\RouteListCommand.php(115): Illuminate\\Support\\Collection->map()
#13 C:\\Users\\ahmed.abdelsalam\\Desktop\\desktop\\side_project\\Final\\proj\\quickpick-laravel-backend-full-working\\vendor\\laravel\\framework\\src\\Illuminate\\Foundation\\Console\\RouteListCommand.php(101): Illuminate\\Foundation\\Console\\RouteListCommand->getRoutes()
#14 C:\\Users\\ahmed.abdelsalam\\Desktop\\desktop\\side_project\\Final\\proj\\quickpick-laravel-backend-full-working\\vendor\\laravel\\framework\\src\\Illuminate\\Container\\BoundMethod.php(36): Illuminate\\Foundation\\Console\\RouteListCommand->handle()
#15 C:\\Users\\ahmed.abdelsalam\\Desktop\\desktop\\side_project\\Final\\proj\\quickpick-laravel-backend-full-working\\vendor\\laravel\\framework\\src\\Illuminate\\Container\\Util.php(41): Illuminate\\Container\\BoundMethod::{closure:Illuminate\\Container\\BoundMethod::call():35}()
#16 C:\\Users\\ahmed.abdelsalam\\Desktop\\desktop\\side_project\\Final\\proj\\quickpick-laravel-backend-full-working\\vendor\\laravel\\framework\\src\\Illuminate\\Container\\BoundMethod.php(93): Illuminate\\Container\\Util::unwrapIfClosure()
#17 C:\\Users\\ahmed.abdelsalam\\Desktop\\desktop\\side_project\\Final\\proj\\quickpick-laravel-backend-full-working\\vendor\\laravel\\framework\\src\\Illuminate\\Container\\BoundMethod.php(35): Illuminate\\Container\\BoundMethod::callBoundMethod()
#18 C:\\Users\\ahmed.abdelsalam\\Desktop\\desktop\\side_project\\Final\\proj\\quickpick-laravel-backend-full-working\\vendor\\laravel\\framework\\src\\Illuminate\\Container\\Container.php(662): Illuminate\\Container\\BoundMethod::call()
#19 C:\\Users\\ahmed.abdelsalam\\Desktop\\desktop\\side_project\\Final\\proj\\quickpick-laravel-backend-full-working\\vendor\\laravel\\framework\\src\\Illuminate\\Console\\Command.php(211): Illuminate\\Container\\Container->call()
#20 C:\\Users\\ahmed.abdelsalam\\Desktop\\desktop\\side_project\\Final\\proj\\quickpick-laravel-backend-full-working\\vendor\\symfony\\console\\Command\\Command.php(326): Illuminate\\Console\\Command->execute()
#21 C:\\Users\\ahmed.abdelsalam\\Desktop\\desktop\\side_project\\Final\\proj\\quickpick-laravel-backend-full-working\\vendor\\laravel\\framework\\src\\Illuminate\\Console\\Command.php(180): Symfony\\Component\\Console\\Command\\Command->run()
#22 C:\\Users\\ahmed.abdelsalam\\Desktop\\desktop\\side_project\\Final\\proj\\quickpick-laravel-backend-full-working\\vendor\\symfony\\console\\Application.php(1096): Illuminate\\Console\\Command->run()
#23 C:\\Users\\ahmed.abdelsalam\\Desktop\\desktop\\side_project\\Final\\proj\\quickpick-laravel-backend-full-working\\vendor\\symfony\\console\\Application.php(324): Symfony\\Component\\Console\\Application->doRunCommand()
#24 C:\\Users\\ahmed.abdelsalam\\Desktop\\desktop\\side_project\\Final\\proj\\quickpick-laravel-backend-full-working\\vendor\\symfony\\console\\Application.php(175): Symfony\\Component\\Console\\Application->doRun()
#25 C:\\Users\\ahmed.abdelsalam\\Desktop\\desktop\\side_project\\Final\\proj\\quickpick-laravel-backend-full-working\\vendor\\laravel\\framework\\src\\Illuminate\\Foundation\\Console\\Kernel.php(201): Symfony\\Component\\Console\\Application->run()
#26 C:\\Users\\ahmed.abdelsalam\\Desktop\\desktop\\side_project\\Final\\proj\\quickpick-laravel-backend-full-working\\artisan(14): Illuminate\\Foundation\\Console\\Kernel->handle()
#27 {main}
"} 
[2025-05-10 15:45:17] production.ERROR: Class "App\Providers\RouteServiceProvider" not found {"exception":"[object] (Error(code: 0): Class \"App\\Providers\\RouteServiceProvider\" not found at C:\\Users\\ahmed.abdelsalam\\Desktop\\desktop\\side_project\\Final\\proj\\quickpick-laravel-backend-full-working\\vendor\\laravel\\framework\\src\\Illuminate\\Foundation\\Application.php:880)
[stacktrace]
#0 C:\\Users\\ahmed.abdelsalam\\Desktop\\desktop\\side_project\\Final\\proj\\quickpick-laravel-backend-full-working\\vendor\\laravel\\framework\\src\\Illuminate\\Foundation\\Application.php(814): Illuminate\\Foundation\\Application->resolveProvider()
#1 C:\\Users\\ahmed.abdelsalam\\Desktop\\desktop\\side_project\\Final\\proj\\quickpick-laravel-backend-full-working\\vendor\\laravel\\framework\\src\\Illuminate\\Foundation\\ProviderRepository.php(75): Illuminate\\Foundation\\Application->register()
#2 C:\\Users\\ahmed.abdelsalam\\Desktop\\desktop\\side_project\\Final\\proj\\quickpick-laravel-backend-full-working\\vendor\\laravel\\framework\\src\\Illuminate\\Foundation\\Application.php(794): Illuminate\\Foundation\\ProviderRepository->load()
#3 C:\\Users\\ahmed.abdelsalam\\Desktop\\desktop\\side_project\\Final\\proj\\quickpick-laravel-backend-full-working\\vendor\\laravel\\framework\\src\\Illuminate\\Foundation\\Bootstrap\\RegisterProviders.php(17): Illuminate\\Foundation\\Application->registerConfiguredProviders()
#4 C:\\Users\\ahmed.abdelsalam\\Desktop\\desktop\\side_project\\Final\\proj\\quickpick-laravel-backend-full-working\\vendor\\laravel\\framework\\src\\Illuminate\\Foundation\\Application.php(286): Illuminate\\Foundation\\Bootstrap\\RegisterProviders->bootstrap()
#5 C:\\Users\\ahmed.abdelsalam\\Desktop\\desktop\\side_project\\Final\\proj\\quickpick-laravel-backend-full-working\\vendor\\laravel\\framework\\src\\Illuminate\\Foundation\\Console\\Kernel.php(447): Illuminate\\Foundation\\Application->bootstrapWith()
#6 C:\\Users\\ahmed.abdelsalam\\Desktop\\desktop\\side_project\\Final\\proj\\quickpick-laravel-backend-full-working\\vendor\\laravel\\framework\\src\\Illuminate\\Foundation\\Console\\Kernel.php(199): Illuminate\\Foundation\\Console\\Kernel->bootstrap()
#7 C:\\Users\\ahmed.abdelsalam\\Desktop\\desktop\\side_project\\Final\\proj\\quickpick-laravel-backend-full-working\\artisan(14): Illuminate\\Foundation\\Console\\Kernel->handle()
#8 {main}
"} 
[2025-05-10 15:45:40] production.ERROR: Class "App\Providers\RouteServiceProvider" not found {"exception":"[object] (Error(code: 0): Class \"App\\Providers\\RouteServiceProvider\" not found at C:\\Users\\ahmed.abdelsalam\\Desktop\\desktop\\side_project\\Final\\proj\\quickpick-laravel-backend-full-working\\vendor\\laravel\\framework\\src\\Illuminate\\Foundation\\Application.php:880)
[stacktrace]
#0 C:\\Users\\ahmed.abdelsalam\\Desktop\\desktop\\side_project\\Final\\proj\\quickpick-laravel-backend-full-working\\vendor\\laravel\\framework\\src\\Illuminate\\Foundation\\Application.php(814): Illuminate\\Foundation\\Application->resolveProvider()
#1 C:\\Users\\ahmed.abdelsalam\\Desktop\\desktop\\side_project\\Final\\proj\\quickpick-laravel-backend-full-working\\vendor\\laravel\\framework\\src\\Illuminate\\Foundation\\ProviderRepository.php(75): Illuminate\\Foundation\\Application->register()
#2 C:\\Users\\ahmed.abdelsalam\\Desktop\\desktop\\side_project\\Final\\proj\\quickpick-laravel-backend-full-working\\vendor\\laravel\\framework\\src\\Illuminate\\Foundation\\Application.php(794): Illuminate\\Foundation\\ProviderRepository->load()
#3 C:\\Users\\ahmed.abdelsalam\\Desktop\\desktop\\side_project\\Final\\proj\\quickpick-laravel-backend-full-working\\vendor\\laravel\\framework\\src\\Illuminate\\Foundation\\Bootstrap\\RegisterProviders.php(17): Illuminate\\Foundation\\Application->registerConfiguredProviders()
#4 C:\\Users\\ahmed.abdelsalam\\Desktop\\desktop\\side_project\\Final\\proj\\quickpick-laravel-backend-full-working\\vendor\\laravel\\framework\\src\\Illuminate\\Foundation\\Application.php(286): Illuminate\\Foundation\\Bootstrap\\RegisterProviders->bootstrap()
#5 C:\\Users\\ahmed.abdelsalam\\Desktop\\desktop\\side_project\\Final\\proj\\quickpick-laravel-backend-full-working\\vendor\\laravel\\framework\\src\\Illuminate\\Foundation\\Console\\Kernel.php(447): Illuminate\\Foundation\\Application->bootstrapWith()
#6 C:\\Users\\ahmed.abdelsalam\\Desktop\\desktop\\side_project\\Final\\proj\\quickpick-laravel-backend-full-working\\vendor\\laravel\\framework\\src\\Illuminate\\Foundation\\Console\\Kernel.php(199): Illuminate\\Foundation\\Console\\Kernel->bootstrap()
#7 C:\\Users\\ahmed.abdelsalam\\Desktop\\desktop\\side_project\\Final\\proj\\quickpick-laravel-backend-full-working\\artisan(14): Illuminate\\Foundation\\Console\\Kernel->handle()
#8 {main}
"} 
[2025-05-10 15:48:00] production.ERROR: Class "App\Providers\RouteServiceProvider" not found {"exception":"[object] (Error(code: 0): Class \"App\\Providers\\RouteServiceProvider\" not found at C:\\Users\\ahmed.abdelsalam\\Desktop\\desktop\\side_project\\Final\\proj\\quickpick-laravel-backend-full-working\\vendor\\laravel\\framework\\src\\Illuminate\\Foundation\\Application.php:880)
[stacktrace]
#0 C:\\Users\\ahmed.abdelsalam\\Desktop\\desktop\\side_project\\Final\\proj\\quickpick-laravel-backend-full-working\\vendor\\laravel\\framework\\src\\Illuminate\\Foundation\\Application.php(814): Illuminate\\Foundation\\Application->resolveProvider()
#1 C:\\Users\\ahmed.abdelsalam\\Desktop\\desktop\\side_project\\Final\\proj\\quickpick-laravel-backend-full-working\\vendor\\laravel\\framework\\src\\Illuminate\\Foundation\\ProviderRepository.php(75): Illuminate\\Foundation\\Application->register()
#2 C:\\Users\\ahmed.abdelsalam\\Desktop\\desktop\\side_project\\Final\\proj\\quickpick-laravel-backend-full-working\\vendor\\laravel\\framework\\src\\Illuminate\\Foundation\\Application.php(794): Illuminate\\Foundation\\ProviderRepository->load()
#3 C:\\Users\\ahmed.abdelsalam\\Desktop\\desktop\\side_project\\Final\\proj\\quickpick-laravel-backend-full-working\\vendor\\laravel\\framework\\src\\Illuminate\\Foundation\\Bootstrap\\RegisterProviders.php(17): Illuminate\\Foundation\\Application->registerConfiguredProviders()
#4 C:\\Users\\ahmed.abdelsalam\\Desktop\\desktop\\side_project\\Final\\proj\\quickpick-laravel-backend-full-working\\vendor\\laravel\\framework\\src\\Illuminate\\Foundation\\Application.php(286): Illuminate\\Foundation\\Bootstrap\\RegisterProviders->bootstrap()
#5 C:\\Users\\ahmed.abdelsalam\\Desktop\\desktop\\side_project\\Final\\proj\\quickpick-laravel-backend-full-working\\vendor\\laravel\\framework\\src\\Illuminate\\Foundation\\Console\\Kernel.php(447): Illuminate\\Foundation\\Application->bootstrapWith()
#6 C:\\Users\\ahmed.abdelsalam\\Desktop\\desktop\\side_project\\Final\\proj\\quickpick-laravel-backend-full-working\\vendor\\laravel\\framework\\src\\Illuminate\\Foundation\\Console\\Kernel.php(199): Illuminate\\Foundation\\Console\\Kernel->bootstrap()
#7 C:\\Users\\ahmed.abdelsalam\\Desktop\\desktop\\side_project\\Final\\proj\\quickpick-laravel-backend-full-working\\artisan(14): Illuminate\\Foundation\\Console\\Kernel->handle()
#8 {main}
"} 
